TN:
SF:src\Applications\security\AuthenticationTokenManager.js
FN:2,(anonymous_0)
FN:6,(anonymous_1)
FN:10,(anonymous_2)
FN:14,(anonymous_3)
FN:18,(anonymous_4)
FN:22,(anonymous_5)
FNF:6
FNH:6
FNDA:1,(anonymous_0)
FNDA:1,(anonymous_1)
FNDA:1,(anonymous_2)
FNDA:1,(anonymous_3)
FNDA:1,(anonymous_4)
FNDA:1,(anonymous_5)
DA:3,1
DA:7,1
DA:11,1
DA:15,1
DA:19,1
DA:23,1
DA:27,8
LF:7
LH:7
BRF:0
BRH:0
end_of_record
TN:
SF:src\Applications\security\PasswordHash.js
FN:2,(anonymous_0)
FN:6,(anonymous_1)
FNF:2
FNH:2
FNDA:1,(anonymous_0)
FNDA:1,(anonymous_1)
DA:3,1
DA:7,1
DA:11,7
LF:3
LH:3
BRF:0
BRH:0
end_of_record
TN:
SF:src\Applications\use_case\AddEmployeUseCase.js
FN:4,(anonymous_0)
FN:9,(anonymous_1)
FNF:2
FNH:2
FNDA:2,(anonymous_0)
FNDA:5,(anonymous_1)
DA:1,5
DA:5,2
DA:6,2
DA:10,5
DA:12,4
DA:13,4
DA:14,4
DA:15,2
DA:19,5
LF:9
LH:9
BRF:0
BRH:0
end_of_record
TN:
SF:src\Applications\use_case\AddUserUseCase.js
FN:4,(anonymous_0)
FN:9,(anonymous_1)
FNF:2
FNH:2
FNDA:4,(anonymous_0)
FNDA:13,(anonymous_1)
DA:1,5
DA:5,4
DA:6,4
DA:10,13
DA:11,9
DA:12,8
DA:13,8
DA:17,5
LF:8
LH:8
BRF:0
BRH:0
end_of_record
TN:
SF:src\Applications\use_case\DeleteAuthenticationUseCase.js
FN:2,(anonymous_0)
FN:8,(anonymous_1)
FN:15,(anonymous_2)
FNF:3
FNH:3
FNDA:3,(anonymous_0)
FNDA:3,(anonymous_1)
FNDA:3,(anonymous_2)
DA:5,3
DA:9,3
DA:10,1
DA:11,1
DA:12,1
DA:16,3
DA:17,3
DA:18,1
DA:21,2
DA:22,1
DA:27,1
LF:11
LH:11
BRDA:17,0,0,1
BRDA:17,0,1,2
BRDA:21,1,0,1
BRDA:21,1,1,1
BRF:4
BRH:4
end_of_record
TN:
SF:src\Applications\use_case\GetAllEmployeUseCase.js
FN:2,(anonymous_0)
FN:6,(anonymous_1)
FNF:2
FNH:2
FNDA:2,(anonymous_0)
FNDA:2,(anonymous_1)
DA:3,2
DA:7,2
DA:9,2
DA:13,5
LF:4
LH:4
BRF:0
BRH:0
end_of_record
TN:
SF:src\Applications\use_case\GetEmployeByIdUseCase.js
FN:2,(anonymous_0)
FN:6,(anonymous_1)
FNF:2
FNH:2
FNDA:2,(anonymous_0)
FNDA:2,(anonymous_1)
DA:3,2
DA:7,2
DA:8,2
DA:10,2
DA:14,5
LF:5
LH:5
BRF:0
BRH:0
end_of_record
TN:
SF:src\Applications\use_case\LoginUserUseCase.js
FN:5,(anonymous_0)
FN:17,(anonymous_1)
FNF:2
FNH:2
FNDA:3,(anonymous_0)
FNDA:10,(anonymous_1)
DA:1,5
DA:2,5
DA:11,3
DA:12,3
DA:13,3
DA:14,3
DA:18,10
DA:20,8
DA:22,7
DA:24,6
DA:26,6
DA:28,6
DA:31,6
DA:36,6
DA:38,6
DA:42,5
LF:16
LH:16
BRF:0
BRH:0
end_of_record
TN:
SF:src\Applications\use_case\LogoutUserUseCase.js
FN:2,(anonymous_0)
FN:8,(anonymous_1)
FN:15,(anonymous_2)
FNF:3
FNH:3
FNDA:4,(anonymous_0)
FNDA:7,(anonymous_1)
FNDA:7,(anonymous_2)
DA:5,4
DA:9,7
DA:10,3
DA:11,3
DA:12,2
DA:16,7
DA:17,7
DA:18,2
DA:21,5
DA:22,2
DA:27,5
LF:11
LH:11
BRDA:17,0,0,2
BRDA:17,0,1,5
BRDA:21,1,0,2
BRDA:21,1,1,3
BRF:4
BRH:4
end_of_record
TN:
SF:src\Applications\use_case\RefreshAuthenticationUseCase.js
FN:2,(anonymous_0)
FN:10,(anonymous_1)
FN:22,(anonymous_2)
FNF:3
FNH:3
FNDA:4,(anonymous_0)
FNDA:8,(anonymous_1)
FNDA:8,(anonymous_2)
DA:6,4
DA:7,4
DA:11,8
DA:12,4
DA:14,4
DA:15,3
DA:17,2
DA:19,2
DA:23,8
DA:25,8
DA:26,2
DA:29,6
DA:30,2
DA:35,5
LF:14
LH:14
BRDA:25,0,0,2
BRDA:25,0,1,6
BRDA:29,1,0,2
BRDA:29,1,1,4
BRF:4
BRH:4
end_of_record
TN:
SF:src\Commons\exceptions\AuthenticationError.js
FN:4,(anonymous_0)
FNF:1
FNH:1
FNDA:5,(anonymous_0)
DA:1,6
DA:5,5
DA:6,5
DA:10,6
LF:4
LH:4
BRF:0
BRH:0
end_of_record
TN:
SF:src\Commons\exceptions\AuthorizationError.js
FN:4,(anonymous_0)
FNF:1
FNH:1
FNDA:1,(anonymous_0)
DA:1,1
DA:5,1
DA:6,1
DA:10,1
LF:4
LH:4
BRF:0
BRH:0
end_of_record
TN:
SF:src\Commons\exceptions\ClientError.js
FN:2,(anonymous_0)
FNF:1
FNH:1
FNDA:85,(anonymous_0)
DA:3,85
DA:5,85
DA:6,1
DA:9,84
DA:10,84
DA:14,15
LF:6
LH:6
BRDA:2,0,0,77
BRDA:5,1,0,1
BRDA:5,1,1,84
BRF:3
BRH:3
end_of_record
TN:
SF:src\Commons\exceptions\DomainErrorTranslator.js
FN:4,(anonymous_0)
FNF:1
FNH:1
FNDA:26,(anonymous_0)
DA:1,5
DA:3,5
DA:5,26
DA:9,5
DA:24,5
LF:5
LH:5
BRDA:5,0,0,26
BRDA:5,0,1,10
BRF:2
BRH:2
end_of_record
TN:
SF:src\Commons\exceptions\InvariantError.js
FN:4,(anonymous_0)
FNF:1
FNH:1
FNDA:76,(anonymous_0)
DA:1,9
DA:5,76
DA:6,76
DA:10,9
LF:4
LH:4
BRF:0
BRH:0
end_of_record
TN:
SF:src\Commons\exceptions\NotFoundError.js
FN:4,(anonymous_0)
FNF:1
FNH:1
FNDA:2,(anonymous_0)
DA:1,5
DA:5,2
DA:6,2
DA:10,5
LF:4
LH:4
BRF:0
BRH:0
end_of_record
TN:
SF:src\Domains\authentications\AuthenticationRepository.js
FN:2,(anonymous_0)
FN:6,(anonymous_1)
FN:10,(anonymous_2)
FNF:3
FNH:3
FNDA:1,(anonymous_0)
FNDA:1,(anonymous_1)
FNDA:1,(anonymous_2)
DA:3,1
DA:7,1
DA:11,1
DA:15,9
LF:4
LH:4
BRF:0
BRH:0
end_of_record
TN:
SF:src\Domains\authentications\entities\NewAuth.js
FN:2,(anonymous_0)
FN:9,(anonymous_1)
FNF:2
FNH:2
FNDA:10,(anonymous_0)
FNDA:10,(anonymous_1)
DA:3,10
DA:5,8
DA:6,8
DA:10,10
DA:12,10
DA:13,1
DA:16,9
DA:17,1
DA:22,6
LF:9
LH:9
BRDA:12,0,0,1
BRDA:12,0,1,9
BRDA:12,1,0,10
BRDA:12,1,1,10
BRDA:16,2,0,1
BRDA:16,2,1,8
BRDA:16,3,0,9
BRDA:16,3,1,9
BRF:8
BRH:8
end_of_record
TN:
SF:src\Domains\employes\EmployeRepository.js
FN:2,(anonymous_0)
FN:6,(anonymous_1)
FN:10,(anonymous_2)
FNF:3
FNH:3
FNDA:1,(anonymous_0)
FNDA:1,(anonymous_1)
FNDA:1,(anonymous_2)
DA:3,1
DA:7,1
DA:11,1
DA:15,8
LF:4
LH:4
BRF:0
BRH:0
end_of_record
TN:
SF:src\Domains\employes\entities\AddedEmploye.js
FN:2,(anonymous_0)
FN:14,(anonymous_1)
FNF:2
FNH:2
FNDA:7,(anonymous_0)
FNDA:7,(anonymous_1)
DA:3,7
DA:7,5
DA:9,5
DA:10,5
DA:11,5
DA:15,7
DA:16,1
DA:18,6
DA:19,1
DA:24,6
LF:10
LH:10
BRDA:15,0,0,1
BRDA:15,0,1,6
BRDA:15,1,0,7
BRDA:15,1,1,7
BRDA:15,1,2,7
BRDA:18,2,0,1
BRDA:18,2,1,5
BRDA:18,3,0,6
BRDA:18,3,1,5
BRDA:18,3,2,5
BRF:10
BRH:10
end_of_record
TN:
SF:src\Domains\employes\entities\AllEmploye.js
FN:2,(anonymous_0)
FN:15,(anonymous_1)
FNF:2
FNH:2
FNDA:5,(anonymous_0)
FNDA:5,(anonymous_1)
DA:3,5
DA:7,3
DA:9,3
DA:10,3
DA:11,3
DA:12,3
DA:18,5
DA:19,1
DA:21,4
DA:26,1
DA:31,2
LF:11
LH:11
BRDA:18,0,0,1
BRDA:18,0,1,4
BRDA:18,1,0,5
BRDA:18,1,1,5
BRDA:18,1,2,5
BRDA:18,1,3,5
BRDA:21,2,0,1
BRDA:21,2,1,3
BRDA:22,3,0,4
BRDA:22,3,1,3
BRDA:22,3,2,3
BRDA:22,3,3,3
BRF:12
BRH:12
end_of_record
TN:
SF:src\Domains\employes\entities\DetailEmploye.js
FN:2,(anonymous_0)
FN:15,(anonymous_1)
FNF:2
FNH:2
FNDA:4,(anonymous_0)
FNDA:4,(anonymous_1)
DA:3,4
DA:7,2
DA:9,2
DA:10,2
DA:11,2
DA:12,2
DA:18,4
DA:19,1
DA:21,3
DA:26,1
DA:31,2
LF:11
LH:11
BRDA:18,0,0,1
BRDA:18,0,1,3
BRDA:18,1,0,4
BRDA:18,1,1,4
BRDA:18,1,2,4
BRDA:18,1,3,4
BRDA:21,2,0,1
BRDA:21,2,1,2
BRDA:22,3,0,3
BRDA:22,3,1,2
BRDA:22,3,2,2
BRDA:22,3,3,2
BRF:12
BRH:12
end_of_record
TN:
SF:src\Domains\employes\entities\NewEmploye.js
FN:2,(anonymous_0)
FN:12,(anonymous_1)
FNF:2
FNH:2
FNDA:9,(anonymous_0)
FNDA:9,(anonymous_1)
DA:3,9
DA:5,5
DA:7,5
DA:8,5
DA:9,5
DA:13,9
DA:14,2
DA:16,7
DA:17,2
DA:22,7
LF:10
LH:10
BRDA:13,0,0,2
BRDA:13,0,1,7
BRDA:13,1,0,9
BRDA:13,1,1,9
BRDA:13,1,2,7
BRDA:16,2,0,2
BRDA:16,2,1,5
BRDA:16,3,0,7
BRDA:16,3,1,5
BRDA:16,3,2,5
BRF:10
BRH:10
end_of_record
TN:
SF:src\Domains\users\UserRepository.js
FN:2,(anonymous_0)
FN:6,(anonymous_1)
FN:10,(anonymous_2)
FN:14,(anonymous_3)
FNF:4
FNH:4
FNDA:1,(anonymous_0)
FNDA:1,(anonymous_1)
FNDA:1,(anonymous_2)
FNDA:1,(anonymous_3)
DA:3,1
DA:7,1
DA:11,1
DA:15,1
DA:19,7
LF:5
LH:5
BRF:0
BRH:0
end_of_record
TN:
SF:src\Domains\users\entities\RegisterUser.js
FN:2,(anonymous_0)
FN:12,(anonymous_1)
FNF:2
FNH:2
FNDA:21,(anonymous_0)
FNDA:21,(anonymous_1)
DA:3,21
DA:5,13
DA:7,13
DA:8,13
DA:9,13
DA:13,21
DA:14,2
DA:17,19
DA:18,2
DA:21,17
DA:22,2
DA:25,15
DA:26,2
DA:31,7
LF:14
LH:14
BRDA:13,0,0,2
BRDA:13,0,1,19
BRDA:13,1,0,21
BRDA:13,1,1,20
BRDA:13,1,2,20
BRDA:17,2,0,2
BRDA:17,2,1,17
BRDA:17,3,0,19
BRDA:17,3,1,18
BRDA:17,3,2,18
BRDA:21,4,0,2
BRDA:21,4,1,15
BRDA:25,5,0,2
BRDA:25,5,1,13
BRF:14
BRH:14
end_of_record
TN:
SF:src\Domains\users\entities\RegisteredUser.js
FN:2,(anonymous_0)
FN:12,(anonymous_1)
FNF:2
FNH:2
FNDA:14,(anonymous_0)
FNDA:14,(anonymous_1)
DA:3,14
DA:5,12
DA:7,12
DA:8,12
DA:9,12
DA:13,14
DA:14,1
DA:17,13
DA:18,1
DA:23,6
LF:10
LH:10
BRDA:13,0,0,1
BRDA:13,0,1,13
BRDA:13,1,0,14
BRDA:13,1,1,13
BRDA:13,1,2,13
BRDA:17,2,0,1
BRDA:17,2,1,12
BRDA:17,3,0,13
BRDA:17,3,1,12
BRDA:17,3,2,12
BRF:10
BRH:10
end_of_record
TN:
SF:src\Domains\users\entities\UserLogin.js
FN:2,(anonymous_0)
FN:9,(anonymous_1)
FNF:2
FNH:2
FNDA:13,(anonymous_0)
FNDA:13,(anonymous_1)
DA:3,13
DA:5,9
DA:6,9
DA:10,13
DA:12,13
DA:13,2
DA:16,11
DA:17,2
DA:22,6
LF:9
LH:9
BRDA:12,0,0,2
BRDA:12,0,1,11
BRDA:12,1,0,13
BRDA:12,1,1,13
BRDA:16,2,0,2
BRDA:16,2,1,9
BRDA:16,3,0,11
BRDA:16,3,1,10
BRF:8
BRH:8
end_of_record
TN:
SF:src\Infrastructures\http\createServer.js
FN:10,(anonymous_0)
FN:31,(anonymous_1)
FN:57,(anonymous_2)
FN:62,(anonymous_3)
FNF:4
FNH:3
FNDA:29,(anonymous_0)
FNDA:0,(anonymous_1)
FNDA:1,(anonymous_2)
FNDA:39,(anonymous_3)
DA:1,4
DA:2,4
DA:4,4
DA:5,4
DA:6,4
DA:7,4
DA:8,4
DA:10,4
DA:11,29
DA:16,29
DA:23,29
DA:31,0
DA:39,29
DA:54,29
DA:57,1
DA:62,29
DA:64,39
DA:66,39
DA:68,21
DA:71,21
DA:72,19
DA:76,19
DA:77,19
DA:81,2
DA:82,1
DA:86,1
DA:90,1
DA:91,1
DA:95,18
DA:98,29
DA:101,4
LF:31
LH:30
BRDA:66,0,0,21
BRDA:66,0,1,18
BRDA:71,1,0,19
BRDA:71,1,1,2
BRDA:81,2,0,1
BRDA:81,2,1,1
BRF:6
BRH:6
end_of_record
TN:
SF:src\Infrastructures\repository\AuthenticationRepositoryPostgres.js
FN:5,(anonymous_0)
FN:10,(anonymous_1)
FN:19,(anonymous_2)
FN:32,(anonymous_3)
FNF:4
FNH:4
FNDA:6,(anonymous_0)
FNDA:6,(anonymous_1)
FNDA:6,(anonymous_2)
FNDA:2,(anonymous_3)
DA:1,4
DA:2,4
DA:6,6
DA:7,6
DA:11,6
DA:16,6
DA:20,6
DA:25,6
DA:27,6
DA:28,3
DA:33,2
DA:38,2
DA:42,4
LF:13
LH:13
BRDA:27,0,0,3
BRDA:27,0,1,3
BRF:2
BRH:2
end_of_record
TN:
SF:src\Infrastructures\repository\EmployeRepositoryPostgres.js
FN:7,(anonymous_0)
FN:13,(anonymous_1)
FN:27,(anonymous_2)
FN:44,(anonymous_3)
FNF:4
FNH:4
FNDA:5,(anonymous_0)
FNDA:2,(anonymous_1)
FNDA:3,(anonymous_2)
FNDA:2,(anonymous_3)
DA:1,4
DA:2,4
DA:3,4
DA:4,4
DA:8,5
DA:9,5
DA:10,5
DA:16,2
DA:17,2
DA:18,2
DA:23,2
DA:24,2
DA:28,3
DA:36,3
DA:37,3
DA:38,1
DA:41,2
DA:45,2
DA:51,2
DA:53,2
DA:57,4
LF:21
LH:21
BRDA:37,0,0,1
BRDA:37,0,1,2
BRF:2
BRH:2
end_of_record
TN:
SF:src\Infrastructures\repository\UserRepositoryPostgres.js
FN:6,(anonymous_0)
FN:12,(anonymous_1)
FN:25,(anonymous_2)
FN:39,(anonymous_3)
FN:54,(anonymous_4)
FNF:5
FNH:5
FNDA:11,(anonymous_0)
FNDA:10,(anonymous_1)
FNDA:9,(anonymous_2)
FNDA:9,(anonymous_3)
FNDA:7,(anonymous_4)
DA:1,4
DA:2,4
DA:3,4
DA:7,11
DA:8,11
DA:9,11
DA:13,10
DA:18,10
DA:20,10
DA:21,2
DA:26,9
DA:27,9
DA:29,9
DA:34,9
DA:36,9
DA:40,9
DA:45,9
DA:47,9
DA:48,2
DA:51,7
DA:55,7
DA:60,7
DA:62,7
DA:63,1
DA:66,6
DA:68,6
DA:72,4
LF:27
LH:27
BRDA:20,0,0,2
BRDA:20,0,1,8
BRDA:47,1,0,2
BRDA:47,1,1,7
BRDA:62,2,0,1
BRDA:62,2,1,6
BRF:6
BRH:6
end_of_record
TN:
SF:src\Infrastructures\security\BcryptPasswordHash.js
FN:5,(anonymous_0)
FN:11,(anonymous_1)
FN:15,(anonymous_2)
FNF:3
FNH:3
FNDA:6,(anonymous_0)
FNDA:9,(anonymous_1)
FNDA:8,(anonymous_2)
DA:1,4
DA:2,4
DA:6,6
DA:7,6
DA:8,6
DA:12,9
DA:16,8
DA:18,8
DA:19,2
DA:24,4
LF:10
LH:10
BRDA:5,0,0,6
BRDA:18,1,0,2
BRDA:18,1,1,6
BRF:3
BRH:3
end_of_record
TN:
SF:src\Infrastructures\security\JwtTokenManager.js
FN:6,(anonymous_0)
FN:11,(anonymous_1)
FN:15,(anonymous_2)
FN:19,(anonymous_3)
FN:28,(anonymous_4)
FN:37,(anonymous_5)
FN:46,(anonymous_6)
FNF:7
FNH:7
FNDA:11,(anonymous_0)
FNDA:11,(anonymous_1)
FNDA:8,(anonymous_2)
FNDA:5,(anonymous_3)
FNDA:5,(anonymous_4)
FNDA:6,(anonymous_5)
FNDA:5,(anonymous_6)
DA:1,4
DA:2,4
DA:3,4
DA:7,11
DA:8,11
DA:12,11
DA:16,8
DA:20,5
DA:21,5
DA:22,4
DA:24,2
DA:29,5
DA:30,5
DA:31,4
DA:33,1
DA:38,6
DA:39,2
DA:42,4
DA:43,4
DA:47,5
DA:48,5
DA:52,4
LF:22
LH:22
BRDA:38,0,0,2
BRDA:38,0,1,4
BRF:2
BRH:2
end_of_record
TN:
SF:src\Interfaces\http\api\authentications\handler.js
FN:6,(anonymous_0)
FN:14,(anonymous_1)
FN:28,(anonymous_2)
FN:41,(anonymous_3)
FNF:4
FNH:4
FNDA:29,(anonymous_0)
FNDA:9,(anonymous_1)
FNDA:5,(anonymous_2)
FNDA:4,(anonymous_3)
DA:1,4
DA:2,4
DA:3,4
DA:7,29
DA:9,29
DA:10,29
DA:11,29
DA:15,9
DA:16,9
DA:17,5
DA:24,5
DA:25,5
DA:29,5
DA:31,5
DA:33,1
DA:42,4
DA:43,4
DA:44,1
DA:50,4
LF:19
LH:19
BRF:0
BRH:0
end_of_record
TN:
SF:src\Interfaces\http\api\authentications\index.js
FN:6,(anonymous_0)
FNF:1
FNH:1
FNDA:29,(anonymous_0)
DA:1,4
DA:2,4
DA:4,4
DA:7,29
DA:8,29
LF:5
LH:5
BRF:0
BRH:0
end_of_record
TN:
SF:src\Interfaces\http\api\authentications\routes.js
FN:1,(anonymous_0)
FNF:1
FNH:1
FNDA:29,(anonymous_0)
DA:1,29
DA:19,4
LF:2
LH:2
BRF:0
BRH:0
end_of_record
TN:
SF:src\Interfaces\http\api\employes\handler.js
FN:6,(anonymous_0)
FN:14,(anonymous_1)
FN:29,(anonymous_2)
FN:43,(anonymous_3)
FNF:4
FNH:4
FNDA:29,(anonymous_0)
FNDA:4,(anonymous_1)
FNDA:1,(anonymous_2)
FNDA:1,(anonymous_3)
DA:1,4
DA:2,4
DA:3,4
DA:7,29
DA:9,29
DA:10,29
DA:11,29
DA:15,4
DA:16,4
DA:17,4
DA:19,1
DA:25,1
DA:26,1
DA:30,1
DA:31,1
DA:33,1
DA:40,1
DA:44,1
DA:45,1
DA:47,1
DA:56,4
LF:21
LH:21
BRF:0
BRH:0
end_of_record
TN:
SF:src\Interfaces\http\api\employes\index.js
FN:6,(anonymous_0)
FNF:1
FNH:1
FNDA:29,(anonymous_0)
DA:1,4
DA:2,4
DA:4,4
DA:7,29
DA:8,29
LF:5
LH:5
BRF:0
BRH:0
end_of_record
TN:
SF:src\Interfaces\http\api\employes\routes.js
FN:1,(anonymous_0)
FNF:1
FNH:1
FNDA:29,(anonymous_0)
DA:1,29
DA:19,4
LF:2
LH:2
BRF:0
BRH:0
end_of_record
TN:
SF:src\Interfaces\http\api\users\handler.js
FN:4,(anonymous_0)
FN:10,(anonymous_1)
FNF:2
FNH:2
FNDA:29,(anonymous_0)
FNDA:13,(anonymous_1)
DA:1,4
DA:5,29
DA:7,29
DA:11,13
DA:12,12
DA:14,7
DA:20,7
DA:21,7
DA:25,4
LF:9
LH:9
BRF:0
BRH:0
end_of_record
TN:
SF:src\Interfaces\http\api\users\index.js
FN:6,(anonymous_0)
FNF:1
FNH:1
FNDA:29,(anonymous_0)
DA:1,4
DA:2,4
DA:4,4
DA:7,29
DA:8,29
LF:5
LH:5
BRF:0
BRH:0
end_of_record
TN:
SF:src\Interfaces\http\api\users\routes.js
FN:1,(anonymous_0)
FNF:1
FNH:1
FNDA:29,(anonymous_0)
DA:1,29
DA:9,4
LF:2
LH:2
BRF:0
BRH:0
end_of_record
TN:
SF:src\utils\index.js
FN:3,(anonymous_0)
FNF:1
FNH:1
FNDA:2,(anonymous_0)
DA:3,4
DA:8,2
DA:15,4
LF:3
LH:3
BRF:0
BRH:0
end_of_record
